c:\users\cheuckkwan\desktop\graphics-1-code - copy\graphics-1-code\week5\debug\vc120.pdb
c:\users\cheuckkwan\desktop\graphics-1-code - copy\graphics-1-code\week5\debug\vc120.idb
c:\users\cheuckkwan\desktop\graphics-1-code - copy\graphics-1-code\week5\debug\w_buffer.obj
c:\users\cheuckkwan\desktop\graphics-1-code - copy\graphics-1-code\week5\debug\w_common.obj
c:\users\cheuckkwan\desktop\graphics-1-code - copy\graphics-1-code\week5\debug\w_indexbuffer.obj
c:\users\cheuckkwan\desktop\graphics-1-code - copy\graphics-1-code\week5\debug\w_program.obj
c:\users\cheuckkwan\desktop\graphics-1-code - copy\graphics-1-code\week5\debug\w_vertexbuffer.obj
c:\users\cheuckkwan\desktop\graphics-1-code - copy\graphics-1-code\week5\debug\w_vertexdeclaration.obj
c:\users\cheuckkwan\desktop\graphics-1-code - copy\graphics-1-code\week5\debug\example1.obj
c:\users\cheuckkwan\desktop\graphics-1-code - copy\graphics-1-code\week5\debug\example2.obj
c:\users\cheuckkwan\desktop\graphics-1-code - copy\graphics-1-code\week5\debug\example3.obj
c:\users\cheuckkwan\desktop\graphics-1-code - copy\graphics-1-code\week5\debug\example4.obj
c:\users\cheuckkwan\desktop\graphics-1-code - copy\graphics-1-code\week5\debug\main.obj
c:\users\cheuckkwan\desktop\graphics-1-code - copy\graphics-1-code\assignment2\debug\vc120.pdb
c:\users\cheuckkwan\desktop\graphics-1-code - copy\graphics-1-code\week5\debug\w_buffermanager.obj
c:\users\cheuckkwan\desktop\graphics-1-code - copy\graphics-1-code\week5\debug\w_material.obj
c:\users\cheuckkwan\desktop\graphics-1-code - copy\graphics-1-code\week5\debug\w_materialmanager.obj
c:\users\cheuckkwan\desktop\graphics-1-code - copy\graphics-1-code\week5\debug\w_programmanager.obj
c:\users\cheuckkwan\desktop\graphics-1-code - copy\graphics-1-code\week5\debug\w_texture.obj
c:\users\cheuckkwan\desktop\graphics-1-code - copy\graphics-1-code\week5\debug\w_texturemanager.obj
c:\users\cheuckkwan\desktop\graphics-1-code - copy\graphics-1-code\week5\debug\example5.obj
c:\users\cheuckkwan\desktop\graphics-1-code - copy\graphics-1-code\week5\debug\cube.obj
c:\users\cheuckkwan\desktop\graphics-1-code - copy\graphics-1-code\assignment2\debug\vc120.idb
c:\users\cheuckkwan\desktop\graphics-1-code - copy\graphics-1-code\assignment2\debug\w_buffer.obj
c:\users\cheuckkwan\desktop\graphics-1-code - copy\graphics-1-code\assignment2\debug\w_buffermanager.obj
c:\users\cheuckkwan\desktop\graphics-1-code - copy\graphics-1-code\assignment2\debug\w_common.obj
c:\users\cheuckkwan\desktop\graphics-1-code - copy\graphics-1-code\assignment2\debug\w_indexbuffer.obj
c:\users\cheuckkwan\desktop\graphics-1-code - copy\graphics-1-code\assignment2\debug\w_material.obj
c:\users\cheuckkwan\desktop\graphics-1-code - copy\graphics-1-code\assignment2\debug\w_materialmanager.obj
c:\users\cheuckkwan\desktop\graphics-1-code - copy\graphics-1-code\assignment2\debug\w_program.obj
c:\users\cheuckkwan\desktop\graphics-1-code - copy\graphics-1-code\assignment2\debug\w_programmanager.obj
c:\users\cheuckkwan\desktop\graphics-1-code - copy\graphics-1-code\assignment2\debug\w_texture.obj
c:\users\cheuckkwan\desktop\graphics-1-code - copy\graphics-1-code\assignment2\debug\w_texturemanager.obj
c:\users\cheuckkwan\desktop\graphics-1-code - copy\graphics-1-code\assignment2\debug\w_vertexbuffer.obj
c:\users\cheuckkwan\desktop\graphics-1-code - copy\graphics-1-code\assignment2\debug\w_vertexdeclaration.obj
c:\users\cheuckkwan\desktop\graphics-1-code - copy\graphics-1-code\assignment2\debug\cube.obj
c:\users\cheuckkwan\desktop\graphics-1-code - copy\graphics-1-code\assignment2\debug\example1.obj
c:\users\cheuckkwan\desktop\graphics-1-code - copy\graphics-1-code\assignment2\debug\example2.obj
c:\users\cheuckkwan\desktop\graphics-1-code - copy\graphics-1-code\assignment2\debug\example3.obj
c:\users\cheuckkwan\desktop\graphics-1-code - copy\graphics-1-code\assignment2\debug\example4.obj
c:\users\cheuckkwan\desktop\graphics-1-code - copy\graphics-1-code\assignment2\debug\example5.obj
c:\users\cheuckkwan\desktop\graphics-1-code - copy\graphics-1-code\assignment2\debug\main.obj
c:\users\cheuckkwan\desktop\graphics-1-code - copy\graphics-1-code\assignment2\debug\controlmodule.obj
c:\users\cheuckkwan\desktop\graphics-1-code - copy\graphics-1-code\assignment2\debug\collidetest.obj
c:\users\cheuckkwan\desktop\graphics-1-code - copy\graphics-1-code\assignment2\debug\source.obj
c:\users\cheuckkwan\desktop\graphics-1-code - copy\graphics-1-code\assignment2\debug\creatcitydata.obj
c:\users\cheuckkwan\desktop\graphics-1-code - copy\graphics-1-code\assignment2\debug\loadtobuffer.obj
c:\users\cheuckkwan\desktop\graphics-1-code - copy\graphics-1-code\week5\debug\week5.ilk
c:\users\cheuckkwan\desktop\graphics-1-code - copy\graphics-1-code\week5\debug\week5.exe
c:\users\cheuckkwan\desktop\graphics-1-code - copy\graphics-1-code\week5\debug\week5.pdb
c:\users\cheuckkwan\desktop\graphics-1-code - copy\graphics-1-code\assignment2\debug\week5.ilk
c:\users\cheuckkwan\desktop\graphics-1-code - copy\graphics-1-code\assignment2\debug\week5.exe
c:\users\cheuckkwan\desktop\graphics-1-code - copy\graphics-1-code\assignment2\debug\week5.pdb
c:\users\cheuckkwan\desktop\graphics-1-code - copy\graphics-1-code\assignment2\debug\week5.vcxprojresolveassemblyreference.cache
c:\users\cheuckkwan\desktop\graphics-1-code - copy\graphics-1-code\assignment2\debug\week5.tlog\cl.command.1.tlog
c:\users\cheuckkwan\desktop\graphics-1-code - copy\graphics-1-code\assignment2\debug\week5.tlog\cl.read.1.tlog
c:\users\cheuckkwan\desktop\graphics-1-code - copy\graphics-1-code\assignment2\debug\week5.tlog\cl.write.1.tlog
c:\users\cheuckkwan\desktop\graphics-1-code - copy\graphics-1-code\assignment2\debug\week5.tlog\link.command.1.tlog
c:\users\cheuckkwan\desktop\graphics-1-code - copy\graphics-1-code\assignment2\debug\week5.tlog\link.read.1.tlog
c:\users\cheuckkwan\desktop\graphics-1-code - copy\graphics-1-code\assignment2\debug\week5.tlog\link.write.1.tlog
